<?xml version="1.0" encoding="UTF-8" ?>
<testsuite tests="1" failures="0" name="ar.edu.itba.AppTest" time="0.002" errors="0" skipped="0">
  <properties>
    <property name="java.vendor" value="IBM Corporation"/>
    <property name="sun.java.launcher" value="SUN_STANDARD"/>
    <property name="os.name" value="Linux"/>
    <property name="java.vm.specification.vendor" value="Oracle Corporation"/>
    <property name="java.runtime.version" value="21.0.3+9-LTS"/>
    <property name="openj9.compiler" value="j9jit29"/>
    <property name="user.name" value="hiba"/>
    <property name="openjdk.methodhandles" value="true"/>
    <property name="os.encoding" value="UTF-8"/>
    <property name="guice.disable.misplaced.annotation.check" value="true"/>
    <property name="com.ibm.util.extralibs.properties" value=""/>
    <property name="com.ibm.jcl.checkClassPath" value=""/>
    <property name="stdout.encoding" value="UTF-8"/>
    <property name="user.language" value="en"/>
    <property name="com.ibm.oti.vm.bootstrap.library.path" value="/home/hiba/.sdkman/candidates/java/21.0.3-sem/lib/default:/home/hiba/.sdkman/candidates/java/21.0.3-sem/lib"/>
    <property name="sun.boot.library.path" value="/home/hiba/.sdkman/candidates/java/21.0.3-sem/lib/default:/home/hiba/.sdkman/candidates/java/21.0.3-sem/lib"/>
    <property name="classworlds.conf" value="/usr/share/maven/bin/m2.conf"/>
    <property name="jdk.extensions.version" value="21.0.3.0"/>
    <property name="java.version" value="21.0.3"/>
    <property name="user.timezone" value="America/Buenos_Aires"/>
    <property name="com.ibm.system.agent.path" value="/home/hiba/.sdkman/candidates/java/21.0.3-sem/lib"/>
    <property name="sun.arch.data.model" value="64"/>
    <property name="com.ibm.oti.vm.library.version" value="29"/>
    <property name="sun.jnu.encoding" value="UTF-8"/>
    <property name="file.encoding.pkg" value="sun.io"/>
    <property name="file.separator" value="/"/>
    <property name="java.specification.name" value="Java Platform API Specification"/>
    <property name="maven.conf" value="/usr/share/maven/conf"/>
    <property name="java.class.version" value="65.0"/>
    <property name="user.country" value="US"/>
    <property name="java.home" value="/home/hiba/.sdkman/candidates/java/21.0.3-sem"/>
    <property name="java.vm.info" value="JRE 21 Linux amd64-64-Bit Compressed References 20240416_177 (JIT enabled, AOT enabled)
OpenJ9   - b0699311c7
OMR      - 254af5a04
JCL      - ac8f341bc20 based on jdk-21.0.3+9"/>
    <property name="os.version" value="5.15.90.1-microsoft-standard-WSL2"/>
    <property name="java.awt.fonts" value=""/>
    <property name="path.separator" value=":"/>
    <property name="java.vm.version" value="openj9-0.44.0"/>
    <property name="user.variant" value=""/>
    <property name="stderr.encoding" value="UTF-8"/>
    <property name="java.awt.printerjob" value="sun.print.PSPrinterJob"/>
    <property name="jdk.extensions.name" value="Extensions for OpenJDK for Eclipse OpenJ9"/>
    <property name="sun.io.unicode.encoding" value="UnicodeLittle"/>
    <property name="awt.toolkit" value="sun.awt.X11.XToolkit"/>
    <property name="ibm.signalhandling.sigint" value="true"/>
    <property name="user.home" value="/home/hiba"/>
    <property name="com.ibm.cpu.endian" value="little"/>
    <property name="java.version.date" value="2024-04-16"/>
    <property name="java.specification.vendor" value="Oracle Corporation"/>
    <property name="ibm.signalhandling.sigchain" value="true"/>
    <property name="library.jansi.path" value="/usr/share/maven/lib/jansi-native"/>
    <property name="java.library.path" value="/home/hiba/.sdkman/candidates/java/21.0.3-sem/lib/default:/home/hiba/.sdkman/candidates/java/21.0.3-sem/lib:/usr/lib64:/usr/lib"/>
    <property name="java.vendor.url" value="https://www.ibm.com/semeru-runtimes"/>
    <property name="java.vm.vendor" value="Eclipse OpenJ9"/>
    <property name="java.fullversion" value="21.0.3+9-LTS
JRE 21 Linux amd64-64-Bit Compressed References 20240416_177 (JIT enabled, AOT enabled)
OpenJ9   - b0699311c7
OMR      - 254af5a04
JCL      - ac8f341bc20 based on jdk-21.0.3+9"/>
    <property name="maven.home" value="/usr/share/maven"/>
    <property name="java.runtime.name" value="IBM Semeru Runtime Open Edition"/>
    <property name="java.lang.invoke.VarHandle.VAR_HANDLE_GUARDS" value="false"/>
    <property name="sun.java.command" value="org.codehaus.plexus.classworlds.launcher.Launcher clean package"/>
    <property name="java.class.path" value="/usr/share/maven/boot/plexus-classworlds-2.x.jar"/>
    <property name="org.eclipse.openj9.criu.isCRaCCapable" value="true"/>
    <property name="native.encoding" value="UTF-8"/>
    <property name="java.vm.specification.name" value="Java Virtual Machine Specification"/>
    <property name="java.vm.specification.version" value="21"/>
    <property name="sun.cpu.endian" value="little"/>
    <property name="java.io.tmpdir" value="/tmp"/>
    <property name="java.vendor.url.bug" value="https://github.com/ibmruntimes/Semeru-Runtimes/issues"/>
    <property name="maven.multiModuleProjectDirectory" value="/home/hiba/TPFINAL/race"/>
    <property name="ibm.system.encoding" value="UTF-8"/>
    <property name="org.eclipse.openj9.criu.isCRIUCapable" value="true"/>
    <property name="os.arch" value="amd64"/>
    <property name="java.awt.graphicsenv" value="sun.awt.X11GraphicsEnvironment"/>
    <property name="ibm.signalhandling.rs" value="false"/>
    <property name="user.dir" value="/home/hiba/TPFINAL/race"/>
    <property name="line.separator" value="
"/>
    <property name="java.vm.name" value="Eclipse OpenJ9 VM"/>
    <property name="com.ibm.oti.shared.enabled" value="false"/>
    <property name="com.ibm.vm.bitmode" value="64"/>
    <property name="file.encoding" value="UTF-8"/>
    <property name="java.specification.version" value="21"/>
    <property name="com.ibm.oti.configuration" value="scar"/>
    <property name="java.vendor.version" value="21.0.3.0"/>
  </properties>
  <testcase classname="ar.edu.itba.AppTest" name="testApp" time="0.002"/>
</testsuite>